Start testing: Mar 31 20:47 中国标准时间
----------------------------------------------------------
1/1 Testing: SmokeTest
1/1 Test: SmokeTest
Command: "C:/Users/ASUS/Downloads/ABDM/Compressed/s071cmake-sfml-snake-main/build_local/bin/snake_game.exe"
Directory: C:/Users/ASUS/Downloads/ABDM/Compressed/s071cmake-sfml-snake-main/build_local/bin
"SmokeTest" start time: Mar 31 20:47 中国标准时间
Output:
----------------------------------------------------------
<end of output>
Test time =   0.02 sec
----------------------------------------------------------
Test Failed.
"SmokeTest" end time: Mar 31 20:47 中国标准时间
"SmokeTest" time elapsed: 00:00:00
----------------------------------------------------------

End testing: Mar 31 20:47 中国标准时间
