<?xml version="1.0" encoding="UTF-8"?>
<Site BuildName="(empty)"
	BuildStamp="20260331-1501-Experimental"
	Name="(empty)"
	Generator="ctest-3.30.4"
	CompilerName=""
	CompilerVersion=""
	OSName="Windows"
	Hostname="[NON-UTF-8-BYTE-0xC9][NON-UTF-8-BYTE-0xF1][NON-UTF-8-BYTE-0xCD][NON-UTF-8-BYTE-0xFE]"
	OSRelease=" Personal"
	OSVersion=" (Build 9200)"
	OSPlatform="AMD64"
	Is64Bits="1"
	VendorString=""
	VendorID="Unknown Manufacturer"
	FamilyID="0"
	ModelID="0"
	ProcessorCacheSize="0"
	NumberOfLogicalCPU="22"
	NumberOfPhysicalCPU="16"
	TotalVirtualMemory="34216"
	TotalPhysicalMemory="32168"
	LogicalProcessorsPerPhysical="1"
	ProcessorClockFrequency="3072"
	>
	<Testing>
		<StartDateTime>Mar 31 23:21 [NON-UTF-8-BYTE-0xD6]й[NON-UTF-8-BYTE-0xFA][NON-UTF-8-BYTE-0xB1][NON-UTF-8-BYTE-0xEA]׼ʱ[NON-UTF-8-BYTE-0xBC][NON-UTF-8-BYTE-0xE4]</StartDateTime>
		<StartTestTime>1774970466</StartTestTime>
		<TestList/>
		<EndDateTime>Mar 31 23:21 [NON-UTF-8-BYTE-0xD6]й[NON-UTF-8-BYTE-0xFA][NON-UTF-8-BYTE-0xB1][NON-UTF-8-BYTE-0xEA]׼ʱ[NON-UTF-8-BYTE-0xBC][NON-UTF-8-BYTE-0xE4]</EndDateTime>
		<EndTestTime>1774970466</EndTestTime>
		<ElapsedMinutes>0</ElapsedMinutes>
	</Testing>
</Site>
